# JRE version: OpenJDK Runtime Environment (17.0.7) (build 17.0.7+0-b2043.56-10550314)
# Java VM: OpenJDK 64-Bit Server VM (17.0.7+0-b2043.56-10550314, mixed mode, tiered, compressed oops, compressed class ptrs, g1 gc, windows-amd64)
GC Precious Log:
 CPUs: 4 total, 4 available
 Memory: 3993M
 Large Page Support: Disabled
 NUMA Support: Disabled
 Compressed Oops: Enabled (32-bit)
 Heap Region Size: 1M
 Heap Min Capacity: 8M
 Heap Initial Capacity: 64M
 Heap Max Capacity: 2G
 Pre-touch: Disabled
 Parallel Workers: 4
 Concurrent Workers: 1
 Concurrent Refinement Workers: 4
 Periodic GC: Disabled
Heap:
 garbage-first heap   total 116736K, used 71371K [0x0000000080000000, 0x0000000100000000)
  region size 1024K, 3 young (3072K), 3 survivors (3072K)
 Metaspace       used 60564K, committed 61120K, reserved 1114112K
  class space    used 8126K, committed 8384K, reserved 1048576K
GC Heap History (20 events):
Event: 11.452 GC heap after
{Heap after GC invocations=16 (full 0):
 garbage-first heap   total 87040K, used 51510K [0x0000000080000000, 0x0000000100000000)
  region size 1024K, 3 young (3072K), 3 survivors (3072K)
 Metaspace       used 37323K, committed 37760K, reserved 1114112K
  class space    used 5207K, committed 5440K, reserved 1048576K
}
Event: 11.941 GC heap before
{Heap before GC invocations=17 (full 0):
 garbage-first heap   total 94208K, used 67894K [0x0000000080000000, 0x0000000100000000)
  region size 1024K, 20 young (20480K), 3 survivors (3072K)
 Metaspace       used 41982K, committed 42304K, reserved 1114112K
  class space    used 5649K, committed 5824K, reserved 1048576K
}
Event: 11.949 GC heap after
{Heap after GC invocations=18 (full 0):
 garbage-first heap   total 113664K, used 54168K [0x0000000080000000, 0x0000000100000000)
  region size 1024K, 3 young (3072K), 3 survivors (3072K)
 Metaspace       used 41982K, committed 42304K, reserved 1114112K
  class space    used 5649K, committed 5824K, reserved 1048576K
}
Event: 14.334 GC heap before
{Heap before GC invocations=18 (full 0):
 garbage-first heap   total 113664K, used 78744K [0x0000000080000000, 0x0000000100000000)
  region size 1024K, 28 young (28672K), 3 survivors (3072K)
 Metaspace       used 43021K, committed 43392K, reserved 1114112K
  class space    used 5744K, committed 5888K, reserved 1048576K
}
Event: 14.351 GC heap after
{Heap after GC invocations=19 (full 0):
 garbage-first heap   total 113664K, used 57100K [0x0000000080000000, 0x0000000100000000)
  region size 1024K, 5 young (5120K), 5 survivors (5120K)
 Metaspace       used 43021K, committed 43392K, reserved 1114112K
  class space    used 5744K, committed 5888K, reserved 1048576K
}
Event: 15.965 GC heap before
{Heap before GC invocations=20 (full 0):
 garbage-first heap   total 113664K, used 93964K [0x0000000080000000, 0x0000000100000000)
  region size 1024K, 36 young (36864K), 5 survivors (5120K)
 Metaspace       used 47525K, committed 47936K, reserved 1114112K
  class space    used 6328K, committed 6528K, reserved 1048576K
}
Event: 15.987 GC heap after
{Heap after GC invocations=21 (full 0):
 garbage-first heap   total 113664K, used 58599K [0x0000000080000000, 0x0000000100000000)
  region size 1024K, 2 young (2048K), 2 survivors (2048K)
 Metaspace       used 47525K, committed 47936K, reserved 1114112K
  class space    used 6328K, committed 6528K, reserved 1048576K
}
Event: 18.162 GC heap before
{Heap before GC invocations=21 (full 0):
 garbage-first heap   total 113664K, used 69863K [0x0000000080000000, 0x0000000100000000)
  region size 1024K, 14 young (14336K), 2 survivors (2048K)
 Metaspace       used 48061K, committed 48576K, reserved 1114112K
  class space    used 6400K, committed 6656K, reserved 1048576K
}
Event: 18.179 GC heap after
{Heap after GC invocations=22 (full 0):
 garbage-first heap   total 113664K, used 60647K [0x0000000080000000, 0x0000000100000000)
  region size 1024K, 4 young (4096K), 4 survivors (4096K)
 Metaspace       used 48061K, committed 48576K, reserved 1114112K
  class space    used 6400K, committed 6656K, reserved 1048576K
}
Event: 21.017 GC heap before
{Heap before GC invocations=23 (full 0):
 garbage-first heap   total 113664K, used 95463K [0x0000000080000000, 0x0000000100000000)
  region size 1024K, 33 young (33792K), 4 survivors (4096K)
 Metaspace       used 50872K, committed 51392K, reserved 1114112K
  class space    used 6684K, committed 6912K, reserved 1048576K
}
Event: 21.030 GC heap after
{Heap after GC invocations=24 (full 0):
 garbage-first heap   total 113664K, used 65973K [0x0000000080000000, 0x0000000100000000)
  region size 1024K, 5 young (5120K), 5 survivors (5120K)
 Metaspace       used 50872K, committed 51392K, reserved 1114112K
  class space    used 6684K, committed 6912K, reserved 1048576K
}
Event: 21.033 GC heap before
{Heap before GC invocations=24 (full 0):
 garbage-first heap   total 113664K, used 66997K [0x0000000080000000, 0x0000000100000000)
  region size 1024K, 6 young (6144K), 5 survivors (5120K)
 Metaspace       used 50872K, committed 51392K, reserved 1114112K
  class space    used 6684K, committed 6912K, reserved 1048576K
}
Event: 21.044 GC heap after
{Heap after GC invocations=25 (full 0):
 garbage-first heap   total 113664K, used 65929K [0x0000000080000000, 0x0000000100000000)
  region size 1024K, 1 young (1024K), 1 survivors (1024K)
 Metaspace       used 50872K, committed 51392K, reserved 1114112K
  class space    used 6684K, committed 6912K, reserved 1048576K
}
Event: 23.219 GC heap before
{Heap before GC invocations=25 (full 0):
 garbage-first heap   total 113664K, used 91529K [0x0000000080000000, 0x0000000100000000)
  region size 1024K, 26 young (26624K), 1 survivors (1024K)
 Metaspace       used 53214K, committed 53760K, reserved 1114112K
  class space    used 7119K, committed 7360K, reserved 1048576K
}
Event: 23.228 GC heap after
{Heap after GC invocations=26 (full 0):
 garbage-first heap   total 113664K, used 67456K [0x0000000080000000, 0x0000000100000000)
  region size 1024K, 2 young (2048K), 2 survivors (2048K)
 Metaspace       used 53214K, committed 53760K, reserved 1114112K
  class space    used 7119K, committed 7360K, reserved 1048576K
}
Event: 25.829 GC heap before
{Heap before GC invocations=27 (full 0):
 garbage-first heap   total 116736K, used 93056K [0x0000000080000000, 0x0000000100000000)
  region size 1024K, 27 young (27648K), 2 survivors (2048K)
 Metaspace       used 55833K, committed 56384K, reserved 1114112K
  class space    used 7577K, committed 7808K, reserved 1048576K
}
Event: 25.837 GC heap after
{Heap after GC invocations=28 (full 0):
 garbage-first heap   total 116736K, used 69053K [0x0000000080000000, 0x0000000100000000)
  region size 1024K, 4 young (4096K), 4 survivors (4096K)
 Metaspace       used 55833K, committed 56384K, reserved 1114112K
  class space    used 7577K, committed 7808K, reserved 1048576K
}
Event: 25.861 GC heap before
{Heap before GC invocations=28 (full 0):
 garbage-first heap   total 116736K, used 70077K [0x0000000080000000, 0x0000000100000000)
  region size 1024K, 5 young (5120K), 4 survivors (4096K)
 Metaspace       used 55927K, committed 56448K, reserved 1114112K
  class space    used 7592K, committed 7808K, reserved 1048576K
}
Event: 25.872 GC heap after
{Heap after GC invocations=29 (full 0):
 garbage-first heap   total 116736K, used 68995K [0x0000000080000000, 0x0000000100000000)
  region size 1024K, 1 young (1024K), 1 survivors (1024K)
 Metaspace       used 55927K, committed 56448K, reserved 1114112K
  class space    used 7592K, committed 7808K, reserved 1048576K
}
Event: 27.450 GC heap before
{Heap before GC invocations=29 (full 0):
 garbage-first heap   total 116736K, used 96643K [0x0000000080000000, 0x0000000100000000)
  region size 1024K, 28 young (28672K), 1 survivors (1024K)
 Metaspace       used 60564K, committed 61120K, reserved 1114112K
  class space    used 8126K, committed 8384K, reserved 1048576K
}

