# JRE version: OpenJDK Runtime Environment (17.0.7) (build 17.0.7+0-b2043.56-10550314)
# Java VM: OpenJDK 64-Bit Server VM (17.0.7+0-b2043.56-10550314, mixed mode, tiered, compressed oops, compressed class ptrs, g1 gc, windows-amd64)
GC Precious Log:
 CPUs: 4 total, 4 available
 Memory: 3993M
 Large Page Support: Disabled
 NUMA Support: Disabled
 Compressed Oops: Enabled (32-bit)
 Heap Region Size: 1M
 Heap Min Capacity: 8M
 Heap Initial Capacity: 64M
 Heap Max Capacity: 2G
 Pre-touch: Disabled
 Parallel Workers: 4
 Concurrent Workers: 1
 Concurrent Refinement Workers: 4
 Periodic GC: Disabled
Heap:
 garbage-first heap   total 140288K, used 106876K [0x0000000080000000, 0x0000000100000000)
  region size 1024K, 22 young (22528K), 1 survivors (1024K)
 Metaspace       used 68265K, committed 68992K, reserved 1114112K
  class space    used 9149K, committed 9472K, reserved 1048576K
GC Heap History (20 events):
Event: 10.772 GC heap before
{Heap before GC invocations=18 (full 0):
 garbage-first heap   total 92160K, used 61549K [0x0000000080000000, 0x0000000100000000)
  region size 1024K, 10 young (10240K), 3 survivors (3072K)
 Metaspace       used 42921K, committed 43264K, reserved 1114112K
  class space    used 5737K, committed 5888K, reserved 1048576K
}
Event: 10.777 GC heap after
{Heap after GC invocations=19 (full 0):
 garbage-first heap   total 92160K, used 56595K [0x0000000080000000, 0x0000000100000000)
  region size 1024K, 2 young (2048K), 2 survivors (2048K)
 Metaspace       used 42921K, committed 43264K, reserved 1114112K
  class space    used 5737K, committed 5888K, reserved 1048576K
}
Event: 11.276 GC heap before
{Heap before GC invocations=20 (full 0):
 garbage-first heap   total 107520K, used 80147K [0x0000000080000000, 0x0000000100000000)
  region size 1024K, 20 young (20480K), 2 survivors (2048K)
 Metaspace       used 45915K, committed 46400K, reserved 1114112K
  class space    used 6084K, committed 6336K, reserved 1048576K
}
Event: 11.282 GC heap after
{Heap after GC invocations=21 (full 0):
 garbage-first heap   total 107520K, used 57337K [0x0000000080000000, 0x0000000100000000)
  region size 1024K, 3 young (3072K), 3 survivors (3072K)
 Metaspace       used 45915K, committed 46400K, reserved 1114112K
  class space    used 6084K, committed 6336K, reserved 1048576K
}
Event: 11.971 GC heap before
{Heap before GC invocations=21 (full 0):
 garbage-first heap   total 107520K, used 82937K [0x0000000080000000, 0x0000000100000000)
  region size 1024K, 29 young (29696K), 3 survivors (3072K)
 Metaspace       used 47990K, committed 48576K, reserved 1114112K
  class space    used 6396K, committed 6656K, reserved 1048576K
}
Event: 11.979 GC heap after
{Heap after GC invocations=22 (full 0):
 garbage-first heap   total 107520K, used 59848K [0x0000000080000000, 0x0000000100000000)
  region size 1024K, 4 young (4096K), 4 survivors (4096K)
 Metaspace       used 47990K, committed 48576K, reserved 1114112K
  class space    used 6396K, committed 6656K, reserved 1048576K
}
Event: 12.093 GC heap before
{Heap before GC invocations=23 (full 0):
 garbage-first heap   total 109568K, used 65992K [0x0000000080000000, 0x0000000100000000)
  region size 1024K, 9 young (9216K), 4 survivors (4096K)
 Metaspace       used 48310K, committed 48832K, reserved 1114112K
  class space    used 6421K, committed 6656K, reserved 1048576K
}
Event: 12.100 GC heap after
{Heap after GC invocations=24 (full 0):
 garbage-first heap   total 109568K, used 64645K [0x0000000080000000, 0x0000000100000000)
  region size 1024K, 2 young (2048K), 2 survivors (2048K)
 Metaspace       used 48310K, committed 48832K, reserved 1114112K
  class space    used 6421K, committed 6656K, reserved 1048576K
}
Event: 12.641 GC heap before
{Heap before GC invocations=25 (full 0):
 garbage-first heap   total 116736K, used 88197K [0x0000000080000000, 0x0000000100000000)
  region size 1024K, 23 young (23552K), 2 survivors (2048K)
 Metaspace       used 50790K, committed 51328K, reserved 1114112K
  class space    used 6681K, committed 6912K, reserved 1048576K
}
Event: 12.646 GC heap after
{Heap after GC invocations=26 (full 0):
 garbage-first heap   total 116736K, used 65338K [0x0000000080000000, 0x0000000100000000)
  region size 1024K, 3 young (3072K), 3 survivors (3072K)
 Metaspace       used 50790K, committed 51328K, reserved 1114112K
  class space    used 6681K, committed 6912K, reserved 1048576K
}
Event: 13.371 GC heap before
{Heap before GC invocations=26 (full 0):
 garbage-first heap   total 116736K, used 90938K [0x0000000080000000, 0x0000000100000000)
  region size 1024K, 28 young (28672K), 3 survivors (3072K)
 Metaspace       used 52652K, committed 53248K, reserved 1114112K
  class space    used 7035K, committed 7296K, reserved 1048576K
}
Event: 13.377 GC heap after
{Heap after GC invocations=27 (full 0):
 garbage-first heap   total 140288K, used 66803K [0x0000000080000000, 0x0000000100000000)
  region size 1024K, 3 young (3072K), 3 survivors (3072K)
 Metaspace       used 52652K, committed 53248K, reserved 1114112K
  class space    used 7035K, committed 7296K, reserved 1048576K
}
Event: 14.948 GC heap before
{Heap before GC invocations=28 (full 0):
 garbage-first heap   total 140288K, used 109811K [0x0000000080000000, 0x0000000100000000)
  region size 1024K, 45 young (46080K), 3 survivors (3072K)
 Metaspace       used 56995K, committed 57664K, reserved 1114112K
  class space    used 7746K, committed 8064K, reserved 1048576K
}
Event: 14.963 GC heap after
{Heap after GC invocations=29 (full 0):
 garbage-first heap   total 140288K, used 69758K [0x0000000080000000, 0x0000000100000000)
  region size 1024K, 6 young (6144K), 6 survivors (6144K)
 Metaspace       used 56995K, committed 57664K, reserved 1114112K
  class space    used 7746K, committed 8064K, reserved 1048576K
}
Event: 16.924 GC heap before
{Heap before GC invocations=29 (full 0):
 garbage-first heap   total 140288K, used 109694K [0x0000000080000000, 0x0000000100000000)
  region size 1024K, 46 young (47104K), 6 survivors (6144K)
 Metaspace       used 64001K, committed 64704K, reserved 1114112K
  class space    used 8591K, committed 8896K, reserved 1048576K
}
Event: 16.941 GC heap after
{Heap after GC invocations=30 (full 0):
 garbage-first heap   total 140288K, used 74267K [0x0000000080000000, 0x0000000100000000)
  region size 1024K, 6 young (6144K), 6 survivors (6144K)
 Metaspace       used 64001K, committed 64704K, reserved 1114112K
  class space    used 8591K, committed 8896K, reserved 1048576K
}
Event: 18.139 GC heap before
{Heap before GC invocations=31 (full 0):
 garbage-first heap   total 140288K, used 116251K [0x0000000080000000, 0x0000000100000000)
  region size 1024K, 43 young (44032K), 6 survivors (6144K)
 Metaspace       used 66066K, committed 66752K, reserved 1114112K
  class space    used 8879K, committed 9216K, reserved 1048576K
}
Event: 18.151 GC heap after
{Heap after GC invocations=32 (full 0):
 garbage-first heap   total 140288K, used 85583K [0x0000000080000000, 0x0000000100000000)
  region size 1024K, 6 young (6144K), 6 survivors (6144K)
 Metaspace       used 66066K, committed 66752K, reserved 1114112K
  class space    used 8879K, committed 9216K, reserved 1048576K
}
Event: 18.173 GC heap before
{Heap before GC invocations=32 (full 0):
 garbage-first heap   total 140288K, used 86607K [0x0000000080000000, 0x0000000100000000)
  region size 1024K, 7 young (7168K), 6 survivors (6144K)
 Metaspace       used 66156K, committed 66816K, reserved 1114112K
  class space    used 8894K, committed 9216K, reserved 1048576K
}
Event: 18.178 GC heap after
{Heap after GC invocations=33 (full 0):
 garbage-first heap   total 140288K, used 86396K [0x0000000080000000, 0x0000000100000000)
  region size 1024K, 1 young (1024K), 1 survivors (1024K)
 Metaspace       used 66156K, committed 66816K, reserved 1114112K
  class space    used 8894K, committed 9216K, reserved 1048576K
}

